{"level":"info","message":"Cached to redis","service":"appointment-service","timestamp":"2024-04-13T05:34:05.523Z"}
{"level":"info","message":"Cached to redis","service":"appointment-service","timestamp":"2024-04-13T05:35:55.774Z"}
{"level":"info","message":"Cached to redis","service":"appointment-service","timestamp":"2024-04-13T17:27:24.195Z"}
{"level":"info","message":"Cached to redis","service":"appointment-service","timestamp":"2024-04-13T17:35:43.437Z"}
{"level":"info","message":"Cached to redis","service":"appointment-service","timestamp":"2024-04-13T20:30:25.924Z"}
{"level":"info","message":"Cached to redis","service":"appointment-service","timestamp":"2024-04-13T20:46:17.322Z"}
{"level":"error","name":"SequelizeDatabaseError","original":{"code":"22007","file":"datetime.c","length":154,"line":"4015","name":"error","parameters":["2a90ca69-19c1-44f0-a7b5-3144f1eb556f","a968e700-437e-488a-81b3-60b5ce143fb9","9a5b1843-17d6-48db-878b-156c6ba5026b","5a66795b-a40a-4b34-8395-3553c1818b9c","2020-08-22",1713085719739,"2024-04-14 09:08:48.972 +00:00","2024-04-14 09:08:48.972 +00:00"],"routine":"DateTimeParseError","severity":"ERROR","sql":"INSERT INTO \"appointments\" (\"id\",\"userID\",\"appointmentAgendaID\",\"appointmentStatusID\",\"appointmentDate\",\"appointmentTime\",\"createdAt\",\"updatedAt\") VALUES ($1,$2,$3,$4,$5,$6,$7,$8) RETURNING \"id\",\"userID\",\"patientID\",\"appointmentAgendaID\",\"appointmentStatusID\",\"appointmentDate\",\"appointmentTime\",\"createdAt\",\"updatedAt\";","where":"unnamed portal parameter $6 = '...'"},"parameters":["2a90ca69-19c1-44f0-a7b5-3144f1eb556f","a968e700-437e-488a-81b3-60b5ce143fb9","9a5b1843-17d6-48db-878b-156c6ba5026b","5a66795b-a40a-4b34-8395-3553c1818b9c","2020-08-22",1713085719739,"2024-04-14 09:08:48.972 +00:00","2024-04-14 09:08:48.972 +00:00"],"parent":{"code":"22007","file":"datetime.c","length":154,"line":"4015","name":"error","parameters":["2a90ca69-19c1-44f0-a7b5-3144f1eb556f","a968e700-437e-488a-81b3-60b5ce143fb9","9a5b1843-17d6-48db-878b-156c6ba5026b","5a66795b-a40a-4b34-8395-3553c1818b9c","2020-08-22",1713085719739,"2024-04-14 09:08:48.972 +00:00","2024-04-14 09:08:48.972 +00:00"],"routine":"DateTimeParseError","severity":"ERROR","sql":"INSERT INTO \"appointments\" (\"id\",\"userID\",\"appointmentAgendaID\",\"appointmentStatusID\",\"appointmentDate\",\"appointmentTime\",\"createdAt\",\"updatedAt\") VALUES ($1,$2,$3,$4,$5,$6,$7,$8) RETURNING \"id\",\"userID\",\"patientID\",\"appointmentAgendaID\",\"appointmentStatusID\",\"appointmentDate\",\"appointmentTime\",\"createdAt\",\"updatedAt\";","where":"unnamed portal parameter $6 = '...'"},"service":"appointment-service","sql":"INSERT INTO \"appointments\" (\"id\",\"userID\",\"appointmentAgendaID\",\"appointmentStatusID\",\"appointmentDate\",\"appointmentTime\",\"createdAt\",\"updatedAt\") VALUES ($1,$2,$3,$4,$5,$6,$7,$8) RETURNING \"id\",\"userID\",\"patientID\",\"appointmentAgendaID\",\"appointmentStatusID\",\"appointmentDate\",\"appointmentTime\",\"createdAt\",\"updatedAt\";","timestamp":"2024-04-14T09:08:49.086Z"}
{"level":"error","name":"SequelizeDatabaseError","original":{"code":"22007","file":"datetime.c","length":154,"line":"4015","name":"error","parameters":["be6805a4-7ca3-4724-920b-f7163dcbe214","a968e700-437e-488a-81b3-60b5ce143fb9","9a5b1843-17d6-48db-878b-156c6ba5026b","5a66795b-a40a-4b34-8395-3553c1818b9c","2020-08-22",1713085729220,"2024-04-14 09:11:06.175 +00:00","2024-04-14 09:11:06.175 +00:00"],"routine":"DateTimeParseError","severity":"ERROR","sql":"INSERT INTO \"appointments\" (\"id\",\"userID\",\"appointmentAgendaID\",\"appointmentStatusID\",\"appointmentDate\",\"appointmentTime\",\"createdAt\",\"updatedAt\") VALUES ($1,$2,$3,$4,$5,$6,$7,$8) RETURNING \"id\",\"userID\",\"patientID\",\"appointmentAgendaID\",\"appointmentStatusID\",\"appointmentDate\",\"appointmentTime\",\"createdAt\",\"updatedAt\";","where":"unnamed portal parameter $6 = '...'"},"parameters":["be6805a4-7ca3-4724-920b-f7163dcbe214","a968e700-437e-488a-81b3-60b5ce143fb9","9a5b1843-17d6-48db-878b-156c6ba5026b","5a66795b-a40a-4b34-8395-3553c1818b9c","2020-08-22",1713085729220,"2024-04-14 09:11:06.175 +00:00","2024-04-14 09:11:06.175 +00:00"],"parent":{"code":"22007","file":"datetime.c","length":154,"line":"4015","name":"error","parameters":["be6805a4-7ca3-4724-920b-f7163dcbe214","a968e700-437e-488a-81b3-60b5ce143fb9","9a5b1843-17d6-48db-878b-156c6ba5026b","5a66795b-a40a-4b34-8395-3553c1818b9c","2020-08-22",1713085729220,"2024-04-14 09:11:06.175 +00:00","2024-04-14 09:11:06.175 +00:00"],"routine":"DateTimeParseError","severity":"ERROR","sql":"INSERT INTO \"appointments\" (\"id\",\"userID\",\"appointmentAgendaID\",\"appointmentStatusID\",\"appointmentDate\",\"appointmentTime\",\"createdAt\",\"updatedAt\") VALUES ($1,$2,$3,$4,$5,$6,$7,$8) RETURNING \"id\",\"userID\",\"patientID\",\"appointmentAgendaID\",\"appointmentStatusID\",\"appointmentDate\",\"appointmentTime\",\"createdAt\",\"updatedAt\";","where":"unnamed portal parameter $6 = '...'"},"service":"appointment-service","sql":"INSERT INTO \"appointments\" (\"id\",\"userID\",\"appointmentAgendaID\",\"appointmentStatusID\",\"appointmentDate\",\"appointmentTime\",\"createdAt\",\"updatedAt\") VALUES ($1,$2,$3,$4,$5,$6,$7,$8) RETURNING \"id\",\"userID\",\"patientID\",\"appointmentAgendaID\",\"appointmentStatusID\",\"appointmentDate\",\"appointmentTime\",\"createdAt\",\"updatedAt\";","timestamp":"2024-04-14T09:11:06.194Z"}
{"level":"error","name":"SequelizeDatabaseError","original":{"code":"22007","file":"datetime.c","length":154,"line":"4015","name":"error","parameters":["b8e18ee7-395a-4933-b66c-2eb4a8ca2f10","a968e700-437e-488a-81b3-60b5ce143fb9","9a5b1843-17d6-48db-878b-156c6ba5026b","5a66795b-a40a-4b34-8395-3553c1818b9c","2024-04-12",1713085925526,"2024-04-14 09:12:13.480 +00:00","2024-04-14 09:12:13.480 +00:00"],"routine":"DateTimeParseError","severity":"ERROR","sql":"INSERT INTO \"appointments\" (\"id\",\"userID\",\"appointmentAgendaID\",\"appointmentStatusID\",\"appointmentDate\",\"appointmentTime\",\"createdAt\",\"updatedAt\") VALUES ($1,$2,$3,$4,$5,$6,$7,$8) RETURNING \"id\",\"userID\",\"patientID\",\"appointmentAgendaID\",\"appointmentStatusID\",\"appointmentDate\",\"appointmentTime\",\"createdAt\",\"updatedAt\";","where":"unnamed portal parameter $6 = '...'"},"parameters":["b8e18ee7-395a-4933-b66c-2eb4a8ca2f10","a968e700-437e-488a-81b3-60b5ce143fb9","9a5b1843-17d6-48db-878b-156c6ba5026b","5a66795b-a40a-4b34-8395-3553c1818b9c","2024-04-12",1713085925526,"2024-04-14 09:12:13.480 +00:00","2024-04-14 09:12:13.480 +00:00"],"parent":{"code":"22007","file":"datetime.c","length":154,"line":"4015","name":"error","parameters":["b8e18ee7-395a-4933-b66c-2eb4a8ca2f10","a968e700-437e-488a-81b3-60b5ce143fb9","9a5b1843-17d6-48db-878b-156c6ba5026b","5a66795b-a40a-4b34-8395-3553c1818b9c","2024-04-12",1713085925526,"2024-04-14 09:12:13.480 +00:00","2024-04-14 09:12:13.480 +00:00"],"routine":"DateTimeParseError","severity":"ERROR","sql":"INSERT INTO \"appointments\" (\"id\",\"userID\",\"appointmentAgendaID\",\"appointmentStatusID\",\"appointmentDate\",\"appointmentTime\",\"createdAt\",\"updatedAt\") VALUES ($1,$2,$3,$4,$5,$6,$7,$8) RETURNING \"id\",\"userID\",\"patientID\",\"appointmentAgendaID\",\"appointmentStatusID\",\"appointmentDate\",\"appointmentTime\",\"createdAt\",\"updatedAt\";","where":"unnamed portal parameter $6 = '...'"},"service":"appointment-service","sql":"INSERT INTO \"appointments\" (\"id\",\"userID\",\"appointmentAgendaID\",\"appointmentStatusID\",\"appointmentDate\",\"appointmentTime\",\"createdAt\",\"updatedAt\") VALUES ($1,$2,$3,$4,$5,$6,$7,$8) RETURNING \"id\",\"userID\",\"patientID\",\"appointmentAgendaID\",\"appointmentStatusID\",\"appointmentDate\",\"appointmentTime\",\"createdAt\",\"updatedAt\";","timestamp":"2024-04-14T09:12:13.507Z"}
{"level":"error","name":"SequelizeDatabaseError","original":{"code":"22P02","file":"uuid.c","length":129,"line":"133","name":"error","parameters":["2973a855-e9c9-46b5-b23d-c4dd8b0f22a8","","9a5b1843-17d6-48db-878b-156c6ba5026b","5a66795b-a40a-4b34-8395-3553c1818b9c","2021-04-08","12:15","2024-04-14 09:15:06.769 +00:00","2024-04-14 09:15:06.769 +00:00"],"routine":"string_to_uuid","severity":"ERROR","sql":"INSERT INTO \"appointments\" (\"id\",\"userID\",\"appointmentAgendaID\",\"appointmentStatusID\",\"appointmentDate\",\"appointmentTime\",\"createdAt\",\"updatedAt\") VALUES ($1,$2,$3,$4,$5,$6,$7,$8) RETURNING \"id\",\"userID\",\"patientID\",\"appointmentAgendaID\",\"appointmentStatusID\",\"appointmentDate\",\"appointmentTime\",\"createdAt\",\"updatedAt\";","where":"unnamed portal parameter $2 = ''"},"parameters":["2973a855-e9c9-46b5-b23d-c4dd8b0f22a8","","9a5b1843-17d6-48db-878b-156c6ba5026b","5a66795b-a40a-4b34-8395-3553c1818b9c","2021-04-08","12:15","2024-04-14 09:15:06.769 +00:00","2024-04-14 09:15:06.769 +00:00"],"parent":{"code":"22P02","file":"uuid.c","length":129,"line":"133","name":"error","parameters":["2973a855-e9c9-46b5-b23d-c4dd8b0f22a8","","9a5b1843-17d6-48db-878b-156c6ba5026b","5a66795b-a40a-4b34-8395-3553c1818b9c","2021-04-08","12:15","2024-04-14 09:15:06.769 +00:00","2024-04-14 09:15:06.769 +00:00"],"routine":"string_to_uuid","severity":"ERROR","sql":"INSERT INTO \"appointments\" (\"id\",\"userID\",\"appointmentAgendaID\",\"appointmentStatusID\",\"appointmentDate\",\"appointmentTime\",\"createdAt\",\"updatedAt\") VALUES ($1,$2,$3,$4,$5,$6,$7,$8) RETURNING \"id\",\"userID\",\"patientID\",\"appointmentAgendaID\",\"appointmentStatusID\",\"appointmentDate\",\"appointmentTime\",\"createdAt\",\"updatedAt\";","where":"unnamed portal parameter $2 = ''"},"service":"appointment-service","sql":"INSERT INTO \"appointments\" (\"id\",\"userID\",\"appointmentAgendaID\",\"appointmentStatusID\",\"appointmentDate\",\"appointmentTime\",\"createdAt\",\"updatedAt\") VALUES ($1,$2,$3,$4,$5,$6,$7,$8) RETURNING \"id\",\"userID\",\"patientID\",\"appointmentAgendaID\",\"appointmentStatusID\",\"appointmentDate\",\"appointmentTime\",\"createdAt\",\"updatedAt\";","timestamp":"2024-04-14T09:15:06.795Z"}
{"level":"info","message":"Successfully created appointment","service":"appointment-service","timestamp":"2024-04-14T09:23:36.445Z"}
{"level":"error","name":"SequelizeDatabaseError","original":{"code":"22P02","file":"uuid.c","length":129,"line":"133","name":"error","parameters":["0c570867-ef96-4db5-9c9d-02e7d81f7dfa","c4cf377e-ff01-43ed-9d11-df3fb659980f","00211a38-e02c-4a91-adcc-bfa700611ec5","","5a66795b-a40a-4b34-8395-3553c1818b9c","2024-09-13","13:16","2024-04-14 10:16:54.393 +00:00","2024-04-14 10:16:54.393 +00:00"],"routine":"string_to_uuid","severity":"ERROR","sql":"INSERT INTO \"appointments\" (\"id\",\"userID\",\"patientID\",\"appointmentAgendaID\",\"appointmentStatusID\",\"appointmentDate\",\"appointmentTime\",\"createdAt\",\"updatedAt\") VALUES ($1,$2,$3,$4,$5,$6,$7,$8,$9) RETURNING \"id\",\"userID\",\"patientID\",\"appointmentAgendaID\",\"appointmentStatusID\",\"appointmentDate\",\"appointmentTime\",\"createdAt\",\"updatedAt\";","where":"unnamed portal parameter $4 = ''"},"parameters":["0c570867-ef96-4db5-9c9d-02e7d81f7dfa","c4cf377e-ff01-43ed-9d11-df3fb659980f","00211a38-e02c-4a91-adcc-bfa700611ec5","","5a66795b-a40a-4b34-8395-3553c1818b9c","2024-09-13","13:16","2024-04-14 10:16:54.393 +00:00","2024-04-14 10:16:54.393 +00:00"],"parent":{"code":"22P02","file":"uuid.c","length":129,"line":"133","name":"error","parameters":["0c570867-ef96-4db5-9c9d-02e7d81f7dfa","c4cf377e-ff01-43ed-9d11-df3fb659980f","00211a38-e02c-4a91-adcc-bfa700611ec5","","5a66795b-a40a-4b34-8395-3553c1818b9c","2024-09-13","13:16","2024-04-14 10:16:54.393 +00:00","2024-04-14 10:16:54.393 +00:00"],"routine":"string_to_uuid","severity":"ERROR","sql":"INSERT INTO \"appointments\" (\"id\",\"userID\",\"patientID\",\"appointmentAgendaID\",\"appointmentStatusID\",\"appointmentDate\",\"appointmentTime\",\"createdAt\",\"updatedAt\") VALUES ($1,$2,$3,$4,$5,$6,$7,$8,$9) RETURNING \"id\",\"userID\",\"patientID\",\"appointmentAgendaID\",\"appointmentStatusID\",\"appointmentDate\",\"appointmentTime\",\"createdAt\",\"updatedAt\";","where":"unnamed portal parameter $4 = ''"},"service":"appointment-service","sql":"INSERT INTO \"appointments\" (\"id\",\"userID\",\"patientID\",\"appointmentAgendaID\",\"appointmentStatusID\",\"appointmentDate\",\"appointmentTime\",\"createdAt\",\"updatedAt\") VALUES ($1,$2,$3,$4,$5,$6,$7,$8,$9) RETURNING \"id\",\"userID\",\"patientID\",\"appointmentAgendaID\",\"appointmentStatusID\",\"appointmentDate\",\"appointmentTime\",\"createdAt\",\"updatedAt\";","timestamp":"2024-04-14T10:16:54.417Z"}
{"level":"info","message":"Successfully created appointment","service":"appointment-service","timestamp":"2024-04-14T10:20:00.702Z"}
{"level":"info","message":"Successfully created appointment","service":"appointment-service","timestamp":"2024-04-14T10:20:49.787Z"}
{"level":"info","message":"Successfully created appointment","service":"appointment-service","timestamp":"2024-04-14T10:32:39.833Z"}
{"level":"error","name":"SequelizeDatabaseError","original":{"code":"22P02","file":"uuid.c","length":129,"line":"133","name":"error","parameters":["23205b70-7e98-450f-b4c4-bb9c5f61e2ad","","00211a38-e02c-4a91-adcc-bfa700611ec5","","5a66795b-a40a-4b34-8395-3553c1818b9c","2024-04-15","15:13","2024-04-14 12:13:26.504 +00:00","2024-04-14 12:13:26.504 +00:00"],"routine":"string_to_uuid","severity":"ERROR","sql":"INSERT INTO \"appointments\" (\"id\",\"userID\",\"patientID\",\"appointmentAgendaID\",\"appointmentStatusID\",\"appointmentDate\",\"appointmentTime\",\"createdAt\",\"updatedAt\") VALUES ($1,$2,$3,$4,$5,$6,$7,$8,$9) RETURNING \"id\",\"userID\",\"patientID\",\"appointmentAgendaID\",\"appointmentStatusID\",\"appointmentDate\",\"appointmentTime\",\"createdAt\",\"updatedAt\";","where":"unnamed portal parameter $2 = ''"},"parameters":["23205b70-7e98-450f-b4c4-bb9c5f61e2ad","","00211a38-e02c-4a91-adcc-bfa700611ec5","","5a66795b-a40a-4b34-8395-3553c1818b9c","2024-04-15","15:13","2024-04-14 12:13:26.504 +00:00","2024-04-14 12:13:26.504 +00:00"],"parent":{"code":"22P02","file":"uuid.c","length":129,"line":"133","name":"error","parameters":["23205b70-7e98-450f-b4c4-bb9c5f61e2ad","","00211a38-e02c-4a91-adcc-bfa700611ec5","","5a66795b-a40a-4b34-8395-3553c1818b9c","2024-04-15","15:13","2024-04-14 12:13:26.504 +00:00","2024-04-14 12:13:26.504 +00:00"],"routine":"string_to_uuid","severity":"ERROR","sql":"INSERT INTO \"appointments\" (\"id\",\"userID\",\"patientID\",\"appointmentAgendaID\",\"appointmentStatusID\",\"appointmentDate\",\"appointmentTime\",\"createdAt\",\"updatedAt\") VALUES ($1,$2,$3,$4,$5,$6,$7,$8,$9) RETURNING \"id\",\"userID\",\"patientID\",\"appointmentAgendaID\",\"appointmentStatusID\",\"appointmentDate\",\"appointmentTime\",\"createdAt\",\"updatedAt\";","where":"unnamed portal parameter $2 = ''"},"service":"appointment-service","sql":"INSERT INTO \"appointments\" (\"id\",\"userID\",\"patientID\",\"appointmentAgendaID\",\"appointmentStatusID\",\"appointmentDate\",\"appointmentTime\",\"createdAt\",\"updatedAt\") VALUES ($1,$2,$3,$4,$5,$6,$7,$8,$9) RETURNING \"id\",\"userID\",\"patientID\",\"appointmentAgendaID\",\"appointmentStatusID\",\"appointmentDate\",\"appointmentTime\",\"createdAt\",\"updatedAt\";","timestamp":"2024-04-14T12:13:26.736Z"}
{"level":"error","name":"SequelizeDatabaseError","original":{"code":"22P02","file":"uuid.c","length":129,"line":"133","name":"error","parameters":["4c56f55f-04a4-4191-8bed-ed2df0cfb2a2","","00211a38-e02c-4a91-adcc-bfa700611ec5","","","2024-04-14","15:15","2024-04-14 12:15:09.758 +00:00","2024-04-14 12:15:09.758 +00:00"],"routine":"string_to_uuid","severity":"ERROR","sql":"INSERT INTO \"appointments\" (\"id\",\"userID\",\"patientID\",\"appointmentAgendaID\",\"appointmentStatusID\",\"appointmentDate\",\"appointmentTime\",\"createdAt\",\"updatedAt\") VALUES ($1,$2,$3,$4,$5,$6,$7,$8,$9) RETURNING \"id\",\"userID\",\"patientID\",\"appointmentAgendaID\",\"appointmentStatusID\",\"appointmentDate\",\"appointmentTime\",\"createdAt\",\"updatedAt\";","where":"unnamed portal parameter $2 = ''"},"parameters":["4c56f55f-04a4-4191-8bed-ed2df0cfb2a2","","00211a38-e02c-4a91-adcc-bfa700611ec5","","","2024-04-14","15:15","2024-04-14 12:15:09.758 +00:00","2024-04-14 12:15:09.758 +00:00"],"parent":{"code":"22P02","file":"uuid.c","length":129,"line":"133","name":"error","parameters":["4c56f55f-04a4-4191-8bed-ed2df0cfb2a2","","00211a38-e02c-4a91-adcc-bfa700611ec5","","","2024-04-14","15:15","2024-04-14 12:15:09.758 +00:00","2024-04-14 12:15:09.758 +00:00"],"routine":"string_to_uuid","severity":"ERROR","sql":"INSERT INTO \"appointments\" (\"id\",\"userID\",\"patientID\",\"appointmentAgendaID\",\"appointmentStatusID\",\"appointmentDate\",\"appointmentTime\",\"createdAt\",\"updatedAt\") VALUES ($1,$2,$3,$4,$5,$6,$7,$8,$9) RETURNING \"id\",\"userID\",\"patientID\",\"appointmentAgendaID\",\"appointmentStatusID\",\"appointmentDate\",\"appointmentTime\",\"createdAt\",\"updatedAt\";","where":"unnamed portal parameter $2 = ''"},"service":"appointment-service","sql":"INSERT INTO \"appointments\" (\"id\",\"userID\",\"patientID\",\"appointmentAgendaID\",\"appointmentStatusID\",\"appointmentDate\",\"appointmentTime\",\"createdAt\",\"updatedAt\") VALUES ($1,$2,$3,$4,$5,$6,$7,$8,$9) RETURNING \"id\",\"userID\",\"patientID\",\"appointmentAgendaID\",\"appointmentStatusID\",\"appointmentDate\",\"appointmentTime\",\"createdAt\",\"updatedAt\";","timestamp":"2024-04-14T12:15:09.831Z"}
{"level":"info","message":"Successfully created appointment","service":"appointment-service","timestamp":"2024-04-14T12:15:43.564Z"}
{"level":"info","message":"Successfully created appointment","service":"appointment-service","timestamp":"2024-04-14T12:19:59.265Z"}
{"level":"info","message":"Successfully created appointment","service":"appointment-service","timestamp":"2024-04-14T12:21:21.390Z"}
{"level":"info","message":"Successfully created appointment","service":"appointment-service","timestamp":"2024-04-14T12:22:41.186Z"}
{"level":"info","message":"Successfully created appointment","service":"appointment-service","timestamp":"2024-04-14T12:56:44.963Z"}
{"level":"info","message":"Successfully created appointment","service":"appointment-service","timestamp":"2024-04-14T12:58:25.599Z"}
{"level":"info","message":"Cached to redis","service":"appointment-service","timestamp":"2024-04-15T03:41:01.200Z"}
{"level":"info","message":"Cached to redis","service":"appointment-service","timestamp":"2024-04-16T07:22:38.924Z"}
{"level":"info","message":"Cached to redis","service":"appointment-service","timestamp":"2024-04-16T07:46:39.222Z"}
{"level":"info","message":"Cached to redis","service":"appointment-service","timestamp":"2024-04-16T10:20:12.462Z"}
{"level":"info","message":"Cached to redis","service":"appointment-service","timestamp":"2024-04-16T10:21:09.447Z"}
{"level":"info","message":"Cached to redis","service":"appointment-service","timestamp":"2024-04-16T10:21:15.959Z"}
{"level":"info","message":"Cached to redis","service":"appointment-service","timestamp":"2024-04-16T10:22:35.979Z"}
{"level":"info","message":"Cached to redis","service":"appointment-service","timestamp":"2024-04-16T10:23:08.057Z"}
{"level":"info","message":"Cached to redis","service":"appointment-service","timestamp":"2024-04-16T10:41:34.087Z"}
{"level":"info","message":"Cached to redis","service":"appointment-service","timestamp":"2024-04-16T10:49:54.724Z"}
{"level":"info","message":"Cached to redis","service":"appointment-service","timestamp":"2024-04-16T11:07:45.254Z"}
{"level":"info","message":"Cached to redis","service":"appointment-service","timestamp":"2024-04-16T11:15:27.159Z"}
{"level":"info","message":"Cached to redis","service":"appointment-service","timestamp":"2024-04-16T17:49:44.738Z"}
{"level":"info","message":"Cached to redis","service":"appointment-service","timestamp":"2024-04-16T19:14:49.637Z"}
{"level":"info","message":"Cached to redis","service":"appointment-service","timestamp":"2024-04-16T19:15:35.310Z"}
{"level":"info","message":"Cached to redis","service":"appointment-service","timestamp":"2024-04-17T10:37:24.424Z"}
{"level":"info","message":"Cached to redis","service":"appointment-service","timestamp":"2024-04-17T10:37:57.824Z"}
{"level":"info","message":"Cached to redis","service":"appointment-service","timestamp":"2024-04-17T10:39:53.790Z"}
{"level":"info","message":"Cached to redis","service":"appointment-service","timestamp":"2024-04-17T10:41:01.384Z"}
{"level":"info","message":"Cached to redis","service":"appointment-service","timestamp":"2024-04-17T14:12:36.513Z"}
{"level":"info","message":"Cached to redis","service":"appointment-service","timestamp":"2024-04-17T14:13:49.611Z"}
{"level":"info","message":"Cached to redis","service":"appointment-service","timestamp":"2024-04-17T14:47:32.710Z"}
{"level":"info","message":"Cached to redis","service":"appointment-service","timestamp":"2024-04-17T18:36:41.054Z"}
{"level":"info","message":"Cached to redis","service":"appointment-service","timestamp":"2024-04-17T18:41:51.592Z"}
{"level":"info","message":"Cached to redis","service":"appointment-service","timestamp":"2024-04-17T18:47:41.891Z"}
{"level":"info","message":"Cached to redis","service":"appointment-service","timestamp":"2024-04-18T07:47:46.681Z"}
{"level":"info","message":"Cached to redis","service":"appointment-service","timestamp":"2024-04-18T20:41:04.998Z"}
{"level":"info","message":"Cached to redis","service":"appointment-service","timestamp":"2024-04-18T20:43:04.470Z"}
{"level":"info","message":"Cached to redis","service":"appointment-service","timestamp":"2024-04-19T08:10:00.777Z"}
{"level":"info","message":"Cached to redis","service":"appointment-service","timestamp":"2024-04-19T09:07:49.045Z"}
{"level":"info","message":"Cached to redis","service":"appointment-service","timestamp":"2024-04-19T09:10:41.059Z"}
{"level":"info","message":"Cached to redis","service":"appointment-service","timestamp":"2024-04-19T09:11:13.257Z"}
{"level":"info","message":"Cached to redis","service":"appointment-service","timestamp":"2024-04-19T09:15:34.115Z"}
{"level":"info","message":"Cached to redis","service":"appointment-service","timestamp":"2024-04-19T09:22:04.698Z"}
{"level":"info","message":"Cached to redis","service":"appointment-service","timestamp":"2024-04-19T09:36:22.802Z"}
{"level":"info","message":"Cached to redis","service":"appointment-service","timestamp":"2024-04-19T12:08:10.120Z"}
{"level":"info","message":"Cached to redis","service":"appointment-service","timestamp":"2024-04-19T12:10:13.964Z"}
{"level":"info","message":"Cached to redis","service":"appointment-service","timestamp":"2024-04-19T12:14:38.495Z"}
{"level":"info","message":"Cached to redis","service":"appointment-service","timestamp":"2024-04-19T12:20:51.118Z"}
{"level":"info","message":"Cached to redis","service":"appointment-service","timestamp":"2024-04-19T12:29:41.181Z"}
{"level":"info","message":"Cached to redis","service":"appointment-service","timestamp":"2024-04-19T12:44:26.256Z"}
{"level":"info","message":"Cached to redis","service":"appointment-service","timestamp":"2024-04-19T12:52:00.801Z"}
{"level":"info","message":"Cached to redis","service":"appointment-service","timestamp":"2024-04-19T12:54:00.374Z"}
{"level":"info","message":"Cached to redis","service":"appointment-service","timestamp":"2024-04-19T12:55:18.714Z"}
{"level":"info","message":"Cached to redis","service":"appointment-service","timestamp":"2024-04-19T13:42:46.167Z"}
{"level":"info","message":"Cached to redis","service":"appointment-service","timestamp":"2024-04-19T13:52:30.979Z"}
{"level":"info","message":"Cached to redis","service":"appointment-service","timestamp":"2024-04-19T13:54:00.298Z"}
{"level":"info","message":"Cached to redis","service":"appointment-service","timestamp":"2024-04-19T13:55:10.288Z"}
{"level":"info","message":"Cached to redis","service":"appointment-service","timestamp":"2024-04-20T05:23:08.546Z"}
{"level":"info","message":"Cached to redis","service":"appointment-service","timestamp":"2024-04-20T05:25:44.397Z"}
{"level":"info","message":"Cached to redis","service":"appointment-service","timestamp":"2024-04-20T14:16:44.503Z"}
{"level":"info","message":"Cached to redis","service":"appointment-service","timestamp":"2024-04-20T14:28:17.407Z"}
{"level":"info","message":"Cached to redis","service":"appointment-service","timestamp":"2024-04-20T14:35:50.268Z"}
{"level":"info","message":"Cached to redis","service":"appointment-service","timestamp":"2024-04-20T14:40:28.374Z"}
{"level":"info","message":"Cached to redis","service":"appointment-service","timestamp":"2024-04-20T19:21:37.670Z"}
{"level":"info","message":"Cached to redis","service":"appointment-service","timestamp":"2024-04-20T19:24:04.552Z"}
{"level":"info","message":"Cached to redis","service":"appointment-service","timestamp":"2024-04-20T21:19:24.807Z"}
{"level":"info","message":"Cached to redis","service":"appointment-service","timestamp":"2024-04-20T21:21:31.445Z"}
{"level":"info","message":"Successfully created appointment","service":"appointment-service","timestamp":"2024-04-20T21:30:11.857Z"}
{"level":"info","message":"Successfully created appointment","service":"appointment-service","timestamp":"2024-04-21T05:47:10.461Z"}
{"level":"info","message":"Cached to redis","service":"appointment-service","timestamp":"2024-04-21T14:37:01.101Z"}
{"level":"info","message":"Cached to redis","service":"appointment-service","timestamp":"2024-04-21T16:12:30.871Z"}
{"level":"info","message":"Cached to redis","service":"appointment-service","timestamp":"2024-04-21T17:57:59.878Z"}
{"level":"info","message":"Cached to redis","service":"appointment-service","timestamp":"2024-04-21T18:27:39.794Z"}
{"level":"info","message":"Cached to redis","service":"appointment-service","timestamp":"2024-04-21T18:33:04.883Z"}
{"level":"info","message":"Cached to redis","service":"appointment-service","timestamp":"2024-04-21T19:08:31.971Z"}
{"level":"info","message":"Cached to redis","service":"appointment-service","timestamp":"2024-04-21T19:36:59.595Z"}
{"level":"info","message":"Cached to redis","service":"appointment-service","timestamp":"2024-04-21T19:43:03.512Z"}
{"level":"info","message":"Cached to redis","service":"appointment-service","timestamp":"2024-04-21T19:55:33.009Z"}
{"level":"info","message":"Cached to redis","service":"appointment-service","timestamp":"2024-04-21T20:29:54.108Z"}
{"level":"info","message":"Cached to redis","service":"appointment-service","timestamp":"2024-04-22T07:23:06.232Z"}
{"level":"info","message":"Cached to redis","service":"appointment-service","timestamp":"2024-04-22T07:24:12.575Z"}
{"level":"info","message":"Cached to redis","service":"appointment-service","timestamp":"2024-04-22T07:50:19.484Z"}
{"level":"info","message":"Cached to redis","service":"appointment-service","timestamp":"2024-04-22T07:59:22.500Z"}
{"level":"info","message":"Cached to redis","service":"appointment-service","timestamp":"2024-04-22T11:10:24.782Z"}
{"level":"info","message":"Cached to redis","service":"appointment-service","timestamp":"2024-04-22T17:27:56.562Z"}
{"level":"info","message":"Cached to redis","service":"appointment-service","timestamp":"2024-04-22T18:35:26.383Z"}
{"level":"info","message":"Successfully created appointment","service":"appointment-service","timestamp":"2024-04-22T19:46:37.941Z"}
{"level":"info","message":"Successfully created appointment","service":"appointment-service","timestamp":"2024-04-22T19:58:18.799Z"}
{"level":"info","message":"Fetching from db","service":"appointment-service","timestamp":"2024-04-24T08:14:27.208Z"}
{"level":"info","message":"Cached to redis","service":"appointment-service","timestamp":"2024-04-24T12:30:57.717Z"}
{"level":"info","message":"Cached to redis","service":"appointment-service","timestamp":"2024-04-24T12:31:00.322Z"}
{"level":"info","message":"Cached to redis","service":"appointment-service","timestamp":"2024-04-24T12:31:01.225Z"}
{"level":"info","message":"Cached to redis","service":"appointment-service","timestamp":"2024-04-24T12:31:43.423Z"}
{"level":"info","message":"Cached to redis","service":"appointment-service","timestamp":"2024-04-24T12:31:44.316Z"}
{"level":"info","message":"Cached to redis","service":"appointment-service","timestamp":"2024-04-24T12:33:05.615Z"}
{"level":"info","message":"Cached to redis","service":"appointment-service","timestamp":"2024-04-24T12:59:32.939Z"}
{"level":"info","message":"Cached to redis","service":"appointment-service","timestamp":"2024-04-24T12:59:33.222Z"}
{"level":"info","message":"Cached to redis","service":"appointment-service","timestamp":"2024-04-25T09:30:36.945Z"}
{"level":"info","message":"Cached to redis","service":"appointment-service","timestamp":"2024-04-25T10:20:30.546Z"}
{"level":"info","message":"Cached to redis","service":"appointment-service","timestamp":"2024-04-25T13:49:38.128Z"}
{"level":"info","message":"Cached to redis","service":"appointment-service","timestamp":"2024-04-25T17:34:04.095Z"}
{"level":"info","message":"Cached to redis","service":"appointment-service","timestamp":"2024-04-26T16:08:59.706Z"}
{"level":"info","message":"Cached to redis","service":"appointment-service","timestamp":"2024-04-26T16:24:50.629Z"}
{"level":"info","message":"Cached to redis","service":"appointment-service","timestamp":"2024-04-27T05:44:38.832Z"}
{"level":"info","message":"Cached to redis","service":"appointment-service","timestamp":"2024-04-27T05:51:24.765Z"}
{"level":"info","message":"Cached to redis","service":"appointment-service","timestamp":"2024-04-27T05:53:35.746Z"}
{"level":"info","message":"Cached to redis","service":"appointment-service","timestamp":"2024-04-27T05:57:23.502Z"}
{"level":"info","message":"Cached to redis","service":"appointment-service","timestamp":"2024-04-27T06:37:50.959Z"}
{"level":"info","message":"Cached to redis","service":"appointment-service","timestamp":"2024-04-27T07:29:56.351Z"}
{"level":"info","message":"Cached to redis","service":"appointment-service","timestamp":"2024-04-27T19:28:11.065Z"}
