{"level":"info","message":"Appointments modified for 23d00ad9-8a58-4565-ba01-53a0867948e6 ","service":"appointment-service","timestamp":"2024-06-11T21:38:10.596Z"}
{"level":"info","message":"Appointments modified for 7c61aba0-ee09-4230-ade0-28c116da046d ","service":"appointment-service","timestamp":"2024-06-11T21:38:10.800Z"}
{"level":"info","message":"Appointments modified for 9dbf441c-679e-4195-9465-67dbc7b78722 ","service":"appointment-service","timestamp":"2024-06-11T21:38:10.944Z"}
{"level":"info","message":"Appointments modified for 50e1582a-3ada-4caf-8522-9d8a439a4dfe ","service":"appointment-service","timestamp":"2024-06-11T21:38:11.100Z"}
{"level":"info","message":"Appointments modified for da59e055-4a2a-4147-8039-0228b31f20b5 ","service":"appointment-service","timestamp":"2024-06-11T21:38:11.353Z"}
{"level":"info","message":"Appointments modified for 75d1d149-8484-486f-8a6f-09d830a5572a ","service":"appointment-service","timestamp":"2024-06-11T21:38:12.151Z"}
{"level":"info","message":"Appointments modified for cefa5b9b-5807-4621-8f5d-78d7f7cb577a ","service":"appointment-service","timestamp":"2024-06-11T21:38:12.398Z"}
{"level":"info","message":"Appointments modified for 1b727227-4d10-4a1b-8f7f-f5a9ee9f530e ","service":"appointment-service","timestamp":"2024-06-11T21:38:12.553Z"}
{"level":"info","message":"Appointments modified for b5585a0d-d8ad-431f-8f5e-df4dbf14053e ","service":"appointment-service","timestamp":"2024-06-11T21:38:12.752Z"}
{"level":"info","message":"Appointments modified for 0db2128d-8808-4a50-8463-3337872179c2 ","service":"appointment-service","timestamp":"2024-06-11T21:38:12.851Z"}
{"level":"info","message":"Appointments modified for 047691a5-7d9a-4d88-bcbf-86916932d071 ","service":"appointment-service","timestamp":"2024-06-11T21:38:12.953Z"}
{"level":"info","message":"Appointments modified for 9b99af9b-58dc-47d5-b095-56f461843120 ","service":"appointment-service","timestamp":"2024-06-11T21:38:13.152Z"}
{"level":"info","message":"Appointments modified for 1927575c-6c51-4b7c-bd27-c5c158ad3015 ","service":"appointment-service","timestamp":"2024-06-11T21:38:13.251Z"}
{"level":"info","message":"Appointments modified for 901f0f30-c6e8-40dc-a956-3924c0714fbb ","service":"appointment-service","timestamp":"2024-06-11T21:38:13.651Z"}
{"level":"info","message":"Appointments modified for 18d88dc7-ac3c-42c8-a9b2-10efef00ea63 ","service":"appointment-service","timestamp":"2024-06-11T21:38:13.850Z"}
{"level":"info","message":"Appointments modified for 256303e4-83a0-4409-99f9-ac2ec9ef3af5 ","service":"appointment-service","timestamp":"2024-06-11T21:38:14.048Z"}
{"level":"info","message":"Changed 10fc3693-bee5-4ce6-a3ab-58f70a524d98 to pending...","service":"appointment-service","timestamp":"2024-06-12T08:11:10.484Z"}
{"level":"info","message":"Changed 377f5375-b93f-4aef-beb0-86287b3ab2f7 to pending...","service":"appointment-service","timestamp":"2024-06-12T08:59:01.108Z"}
{"level":"info","message":"Changed 2c636888-540a-4d70-9445-e62f5df72a66 to pending...","service":"appointment-service","timestamp":"2024-06-12T09:53:58.787Z"}
{"level":"info","message":"Changed 1d80b1c5-1a1f-4488-874c-871830a79277 to pending...","service":"appointment-service","timestamp":"2024-06-12T09:53:58.788Z"}
{"level":"info","message":"Changed eaa7c76e-cd15-4a10-8ea5-4b058c50e260 to pending...","service":"appointment-service","timestamp":"2024-06-12T09:53:58.800Z"}
{"level":"info","message":"Changed 345f10ca-ede3-485e-bdc1-348c7e333f94 to pending...","service":"appointment-service","timestamp":"2024-06-12T14:24:09.711Z"}
{"level":"info","message":"Changed fdb618eb-350b-44e3-aefe-c5aa700830e8 to pending...","service":"appointment-service","timestamp":"2024-06-12T14:26:01.430Z"}
{"level":"info","message":"Changed 981674fe-b015-4f43-bddd-c98a29c128a9 to pending...","service":"appointment-service","timestamp":"2024-06-12T15:04:07.619Z"}
{"level":"info","message":"Changed 4f7a286c-8aa5-442b-a89f-2fdc753be759 to pending...","service":"appointment-service","timestamp":"2024-06-12T15:28:01.321Z"}
{"level":"info","message":"Changed f5becb68-9f9d-4a05-8d96-c2f00b42fbbb to pending...","service":"appointment-service","timestamp":"2024-06-12T15:40:01.851Z"}
{"level":"info","message":"Changed 1a610684-064f-48f5-a207-791c2378200e to pending...","service":"appointment-service","timestamp":"2024-06-12T16:02:01.660Z"}
